<?xml version="1.0" encoding="UTF-8"?>
<!-- Generated by org.testng.reporters.JUnitReportReporter -->
<testsuite hostname="home-laptop" failures="0" tests="2" name="com.contactslist.api.tests.UserApiTests" time="28.774" errors="0" timestamp="2023-09-22T12:33:57 IST" skipped="0">
  <testcase classname="com.contactslist.api.tests.UserApiTests" name="addNewUser" time="27.003"/>
  <system-out/>
  <testcase classname="com.contactslist.api.tests.UserApiTests" name="getUserProfile" time="1.771"/>
  <system-out/>
</testsuite> <!-- com.contactslist.api.tests.UserApiTests -->
