<?xml version="1.0" encoding="UTF-8"?>
<!-- Generated by org.testng.reporters.JUnitReportReporter -->
<testsuite hostname="home-laptop" failures="0" tests="3" name="UserApiTests" time="23.330" errors="0" timestamp="2023-09-21T21:32:37 IST" skipped="0">
  <testcase classname="UserApiTests" name="addUser" time="2.238"/>
  <system-out/>
  <testcase classname="UserApiTests" name="addUser" time="18.776"/>
  <system-out/>
  <testcase classname="UserApiTests" name="addUser" time="2.316"/>
  <system-out/>
</testsuite> <!-- UserApiTests -->
